<?xml version="1.0" encoding="UTF-8"?>
<testsuite name="com.example.audit.AuditEventControllerTest" tests="4" skipped="0" failures="0" errors="0" timestamp="2026-04-27T21:55:28" hostname="SC1087" time="0.831">
  <properties/>
  <testcase name="rejectsMissingActor()" classname="com.example.audit.AuditEventControllerTest" time="0.6"/>
  <testcase name="createsAndSearchesAuditEvents()" classname="com.example.audit.AuditEventControllerTest" time="0.192"/>
  <testcase name="ignoresCallerSuppliedTimestamp()" classname="com.example.audit.AuditEventControllerTest" time="0.019"/>
  <testcase name="hasNoUpdateOrDeleteRoute()" classname="com.example.audit.AuditEventControllerTest" time="0.015"/>
  <system-out><![CDATA[00:55:23.393 [Test worker] INFO org.testcontainers.images.PullPolicy -- Image pull policy will be performed by: DefaultPullPolicy()
00:55:23.401 [Test worker] INFO org.testcontainers.utility.ImageNameSubstitutor -- Image name substitution will be performed by: DefaultImageNameSubstitutor (composite of 'ConfigurationFileImageNameSubstitutor' and 'PrefixingImageNameSubstitutor')
00:55:23.551 [Test worker] INFO org.testcontainers.dockerclient.DockerClientProviderStrategy -- Loaded org.testcontainers.dockerclient.UnixSocketClientProviderStrategy from ~/.testcontainers.properties, will try it first
00:55:23.771 [Test worker] INFO org.testcontainers.dockerclient.DockerClientProviderStrategy -- Found Docker environment with local Unix socket (unix:///var/run/docker.sock)
00:55:23.772 [Test worker] INFO org.testcontainers.DockerClientFactory -- Docker host IP address is localhost
00:55:23.788 [Test worker] INFO org.testcontainers.DockerClientFactory -- Connected to docker: 
  Server Version: 28.5.1
  API Version: 1.51
  Operating System: Ubuntu 24.04.2 LTS
  Total Memory: 63672 MB
00:55:23.790 [Test worker] WARN org.testcontainers.utility.ResourceReaper -- 
********************************************************************************
Ryuk has been disabled. This can cause unexpected behavior in your environment.
********************************************************************************
00:55:23.793 [Test worker] INFO org.testcontainers.DockerClientFactory -- Checking the system...
00:55:23.794 [Test worker] INFO org.testcontainers.DockerClientFactory -- ✔︎ Docker server version should be at least 1.6.0
00:55:23.808 [Test worker] INFO tc.postgres:16 -- Creating container for image: postgres:16
00:55:23.813 [Test worker] INFO org.testcontainers.utility.RegistryAuthLocator -- Failure when attempting to lookup auth config. Please ignore if you don't have images in an authenticated registry. Details: (dockerImageName: postgres:16, configFile: /home/rburlevich/.docker/config.json, configEnv: DOCKER_AUTH_CONFIG). Falling back to docker-java default behaviour. Exception message: Status 404: No config supplied. Checked in order: /home/rburlevich/.docker/config.json (file not found), DOCKER_AUTH_CONFIG (not set)
00:55:23.895 [Test worker] INFO tc.postgres:16 -- Container postgres:16 is starting: 6a459cb0097f5d66817db393fa56ffddcac52be3633729e18e7878b827e0c0dc
00:55:24.904 [Test worker] INFO tc.postgres:16 -- Container postgres:16 started in PT1.095181542S
00:55:24.905 [Test worker] INFO tc.postgres:16 -- Container is started (JDBC URL: jdbc:postgresql://127.0.0.1:41421/test?sslmode=disable)
00:55:24.945 [Test worker] INFO org.springframework.test.context.support.AnnotationConfigContextLoaderUtils -- Could not detect default configuration classes for test class [com.example.audit.AuditEventControllerTest]: AuditEventControllerTest does not declare any static, non-private, non-final, nested classes annotated with @Configuration.
00:55:25.052 [Test worker] INFO org.springframework.boot.test.context.SpringBootTestContextBootstrapper -- Found @SpringBootConfiguration com.example.audit.AuditApplication for test class com.example.audit.AuditEventControllerTest

  .   ____          _            __ _ _
 /\\ / ___'_ __ _ _(_)_ __  __ _ \ \ \ \
( ( )\___ | '_ | '_| | '_ \/ _` | \ \ \ \
 \\/  ___)| |_)| | | | | || (_| |  ) ) ) )
  '  |____| .__|_| |_|_| |_\__, | / / / /
 =========|_|==============|___/=/_/_/_/

 :: Spring Boot ::                (v3.3.5)

2026-04-28T00:55:25.412+03:00  INFO 182999 --- [    Test worker] c.e.audit.AuditEventControllerTest       : Starting AuditEventControllerTest using Java 21.0.10 with PID 182999 (started by rburlevich in /home/rburlevich/personal/ai/audit-log-service)
2026-04-28T00:55:25.413+03:00  INFO 182999 --- [    Test worker] c.e.audit.AuditEventControllerTest       : No active profile set, falling back to 1 default profile: "default"
2026-04-28T00:55:26.133+03:00  INFO 182999 --- [    Test worker] .s.d.r.c.RepositoryConfigurationDelegate : Bootstrapping Spring Data JPA repositories in DEFAULT mode.
2026-04-28T00:55:26.223+03:00  INFO 182999 --- [    Test worker] .s.d.r.c.RepositoryConfigurationDelegate : Finished Spring Data repository scanning in 75 ms. Found 1 JPA repository interface.
2026-04-28T00:55:26.895+03:00  INFO 182999 --- [    Test worker] o.s.b.w.embedded.tomcat.TomcatWebServer  : Tomcat initialized with port 0 (http)
2026-04-28T00:55:26.916+03:00  INFO 182999 --- [    Test worker] o.apache.catalina.core.StandardService   : Starting service [Tomcat]
2026-04-28T00:55:26.917+03:00  INFO 182999 --- [    Test worker] o.apache.catalina.core.StandardEngine    : Starting Servlet engine: [Apache Tomcat/10.1.31]
2026-04-28T00:55:26.987+03:00  INFO 182999 --- [    Test worker] o.a.c.c.C.[Tomcat].[localhost].[/]       : Initializing Spring embedded WebApplicationContext
2026-04-28T00:55:26.989+03:00  INFO 182999 --- [    Test worker] w.s.c.ServletWebServerApplicationContext : Root WebApplicationContext: initialization completed in 1567 ms
2026-04-28T00:55:27.273+03:00  INFO 182999 --- [    Test worker] com.zaxxer.hikari.HikariDataSource       : HikariPool-1 - Starting...
2026-04-28T00:55:27.318+03:00  INFO 182999 --- [    Test worker] com.zaxxer.hikari.pool.HikariPool        : HikariPool-1 - Added connection org.postgresql.jdbc.PgConnection@188bf4d8
2026-04-28T00:55:27.319+03:00  INFO 182999 --- [    Test worker] com.zaxxer.hikari.HikariDataSource       : HikariPool-1 - Start completed.
2026-04-28T00:55:27.335+03:00  INFO 182999 --- [    Test worker] org.flywaydb.core.FlywayExecutor         : Database: jdbc:postgresql://127.0.0.1:41421/test (PostgreSQL 16.13)
2026-04-28T00:55:27.350+03:00  INFO 182999 --- [    Test worker] o.f.c.i.s.JdbcTableSchemaHistory         : Schema history table "public"."flyway_schema_history" does not exist yet
2026-04-28T00:55:27.351+03:00  INFO 182999 --- [    Test worker] o.f.core.internal.command.DbValidate     : Successfully validated 1 migration (execution time 00:00.007s)
2026-04-28T00:55:27.359+03:00  INFO 182999 --- [    Test worker] o.f.c.i.s.JdbcTableSchemaHistory         : Creating Schema History table "public"."flyway_schema_history" ...
2026-04-28T00:55:27.393+03:00  INFO 182999 --- [    Test worker] o.f.core.internal.command.DbMigrate      : Current version of schema "public": << Empty Schema >>
2026-04-28T00:55:27.397+03:00  INFO 182999 --- [    Test worker] o.f.core.internal.command.DbMigrate      : Migrating schema "public" to version "1 - create audit events"
2026-04-28T00:55:27.417+03:00  INFO 182999 --- [    Test worker] o.f.core.internal.command.DbMigrate      : Successfully applied 1 migration to schema "public", now at version v1 (execution time 00:00.010s)
2026-04-28T00:55:27.456+03:00  INFO 182999 --- [    Test worker] o.hibernate.jpa.internal.util.LogHelper  : HHH000204: Processing PersistenceUnitInfo [name: default]
2026-04-28T00:55:27.482+03:00  INFO 182999 --- [    Test worker] org.hibernate.Version                    : HHH000412: Hibernate ORM core version 6.5.3.Final
2026-04-28T00:55:27.499+03:00  INFO 182999 --- [    Test worker] o.h.c.internal.RegionFactoryInitiator    : HHH000026: Second-level cache disabled
2026-04-28T00:55:27.630+03:00  INFO 182999 --- [    Test worker] o.s.o.j.p.SpringPersistenceUnitInfo      : No LoadTimeWeaver setup: ignoring JPA class transformer
2026-04-28T00:55:28.256+03:00  INFO 182999 --- [    Test worker] o.h.e.t.j.p.i.JtaPlatformInitiator       : HHH000489: No JTA platform available (set 'hibernate.transaction.jta.platform' to enable JTA platform integration)
2026-04-28T00:55:28.285+03:00  INFO 182999 --- [    Test worker] j.LocalContainerEntityManagerFactoryBean : Initialized JPA EntityManagerFactory for persistence unit 'default'
2026-04-28T00:55:28.862+03:00  INFO 182999 --- [    Test worker] o.s.b.w.embedded.tomcat.TomcatWebServer  : Tomcat started on port 41199 (http) with context path '/'
2026-04-28T00:55:28.875+03:00  INFO 182999 --- [    Test worker] c.e.audit.AuditEventControllerTest       : Started AuditEventControllerTest in 3.681 seconds (process running for 6.029)
2026-04-28T00:55:29.330+03:00  INFO 182999 --- [o-auto-1-exec-1] o.a.c.c.C.[Tomcat].[localhost].[/]       : Initializing Spring DispatcherServlet 'dispatcherServlet'
2026-04-28T00:55:29.331+03:00  INFO 182999 --- [o-auto-1-exec-1] o.s.web.servlet.DispatcherServlet        : Initializing Servlet 'dispatcherServlet'
2026-04-28T00:55:29.332+03:00  INFO 182999 --- [o-auto-1-exec-1] o.s.web.servlet.DispatcherServlet        : Completed initialization in 1 ms
2026-04-28T00:55:29.404+03:00  WARN 182999 --- [o-auto-1-exec-1] .w.s.m.s.DefaultHandlerExceptionResolver : Resolved [org.springframework.web.bind.MethodArgumentNotValidException: Validation failed for argument [0] in public com.example.audit.event.AuditEvent com.example.audit.event.AuditEventController.create(com.example.audit.event.AuditEventRequest): [Field error in object 'auditEventRequest' on field 'actor': rejected value [null]; codes [NotBlank.auditEventRequest.actor,NotBlank.actor,NotBlank.java.lang.String,NotBlank]; arguments [org.springframework.context.support.DefaultMessageSourceResolvable: codes [auditEventRequest.actor,actor]; arguments []; default message [actor]]; default message [must not be blank]] ]
2026-04-28T00:55:29.704+03:00  WARN 182999 --- [o-auto-1-exec-5] .w.s.m.s.DefaultHandlerExceptionResolver : Resolved [org.springframework.web.HttpRequestMethodNotSupportedException: Request method 'PUT' is not supported]
2026-04-28T00:55:29.709+03:00  WARN 182999 --- [o-auto-1-exec-6] .w.s.m.s.DefaultHandlerExceptionResolver : Resolved [org.springframework.web.HttpRequestMethodNotSupportedException: Request method 'DELETE' is not supported]
]]></system-out>
  <system-err><![CDATA[WARNING: A Java agent has been loaded dynamically (/home/rburlevich/.gradle/caches/modules-2/files-2.1/net.bytebuddy/byte-buddy-agent/1.14.19/154da3a65b4f4a909d3e5bdec55d1b2b4cbb6ce1/byte-buddy-agent-1.14.19.jar)
WARNING: If a serviceability tool is in use, please run with -XX:+EnableDynamicAgentLoading to hide this warning
WARNING: If a serviceability tool is not in use, please run with -Djdk.instrument.traceUsage for more information
WARNING: Dynamic loading of agents will be disallowed by default in a future release
]]></system-err>
</testsuite>
